<?xml version="1.0" encoding="UTF-8"?>
<!-- Generated by org.testng.reporters.JUnitReportReporter -->
<testsuite skipped="0" hostname="LAPTOP-GBGVKMB7" name="testNG.FirstClass" tests="1" failures="0" timestamp="2019-11-26T19:24:26 EST" time="22.972" errors="0">
  <testcase name="fblogin" time="22.972" classname="testNG.FirstClass"/>
</testsuite> <!-- testNG.FirstClass -->
