<?xml version="1.0" encoding="UTF-8"?>
<!-- Generated by org.testng.reporters.JUnitReportReporter -->
<testsuite skipped="0" hostname="LAPTOP-GBGVKMB7" name="testNG.FB_CrossBrowserTesting" tests="3" failures="0" timestamp="2019-12-04T18:05:01 EST" time="48.076" errors="0">
  <testcase name="f" time="10.411" classname="testNG.FB_CrossBrowserTesting"/>
  <testcase name="f" time="10.767" classname="testNG.FB_CrossBrowserTesting"/>
  <testcase name="f" time="26.898" classname="testNG.FB_CrossBrowserTesting"/>
</testsuite> <!-- testNG.FB_CrossBrowserTesting -->
