<?xml version="1.0" encoding="UTF-8"?>
<!-- Generated by org.testng.reporters.JUnitReportReporter -->
<testsuite skipped="0" hostname="LAPTOP-GBGVKMB7" name="testNG.ThirdClass" tests="2" failures="0" timestamp="2019-11-26T19:24:26 EST" time="0.004" errors="0">
  <testcase name="f" time="0.002" classname="testNG.ThirdClass"/>
  <testcase name="a" time="0.002" classname="testNG.ThirdClass"/>
</testsuite> <!-- testNG.ThirdClass -->
